acetate
sodium acetate
sodium phosphate
citrate
citric acid
sodium citrate
citric acid and trisodium citrate
citrate-phosphate 
sodium hydrogen phosphate and citric acid
potassium succinate
sodium citrate-phosphate
phosphate
hexodecyltrimethyl ammoniumbromide
potassium phosphate
succinate
glycine, hydrochloric acid
sodium acetate, hydrochloric acid
acetic acid
sodium hydroxide
potassium chloride
acetate-sodium acetate
sodium succinate
Tris-HCl, calcium chloride
disodium hydrogen phosphate
acetate, calcium chloride
ammonium acetate
citric acid, di-basic sodium phosphate
2-(N-morpholino)-ethane sulfonic acid

