zymography
Somogyi-Nelson method
Congo Red plate
p-hydroxy benzoic acid hydrazide method
viscometer
DNS method
microtitre plate
GOD-POD method
dye-based assay
fluorometric microassay
RBB-Overlay method
BCA assay
stained isoelectric focusing
MALDI-TOF mass spectrometry
Boehringer-Mannheim test 
copper(II)-neocuprione reagent
HPAEC with pulsed amperometric detection
GUS assay
spectrophotometry
stain-based assay
Trinder's glucose oxidase method
modified colorimetric assay
ELISA
phenol/sulphuric acid method
Gluco-quant kit
DSC analysis
ARS method
Box-Behnken response-surface method
Nelson-Somogyi method
Nelson-Somogyi procedure
MALDI-TOF spectrometry
Somogyi Method
pHBAH assay
GODPERID
Gluco-quant Glucose/HK kit
Roche/Hitachi Gluco-quant
Glucostat method
PHBAH assay
Nelson-somogyi reducing sugar assay
GOPOD assay
oxidase-peroxidase assay
Gluco-Statt Assay
